#
# A fatal error has been detected by the Java Runtime Environment:
#
#  EXCEPTION_ACCESS_VIOLATION (0xc0000005) at pc=0x00000000544e8400, pid=9452, tid=11168
#
# JRE version: Java(TM) SE Runtime Environment (8.0_65-b17) (build 1.8.0_65-b17)
# Java VM: Java HotSpot(TM) 64-Bit Server VM (25.65-b01 mixed mode windows-amd64 compressed oops)
# Problematic frame:
# V  [jvm.dll+0x68400]
#
# Failed to write core dump. Minidumps are not enabled by default on client versions of Windows
#
# If you would like to submit a bug report, please visit:
#   http://bugreport.java.com/bugreport/crash.jsp
#

---------------  T H R E A D  ---------------

Current thread (0x0000000014518000):  VMThread [stack: 0x00000000155a0000,0x00000000156a0000] [id=11168]

siginfo: ExceptionCode=0xc0000005, reading address 0x0000000000000040

Registers:
RAX=0x0000000000000040, RBX=0x00000000185ee0f0, RCX=0x0000000000000000, RDX=0x0000000035a1c040
RSP=0x000000001569f928, RBP=0x0000000014425400, RSI=0x00000000546d5600, RDI=0x0000000100ad8028
R8 =0x00000000001cec29, R9 =0x0000000001000000, R10=0x0000000000000000, R11=0x000000001569f928
R12=0x00000000144257d8, R13=0x00000000000003d8, R14=0x0000000014425400, R15=0x00000000144257d8
RIP=0x00000000544e8400, EFLAGS=0x0000000000010202

Top of Stack: (sp=0x000000001569f928)
0x000000001569f928:   00000000546d523f 0000000000000003
0x000000001569f938:   0000000000000000 0000000000000108
0x000000001569f948:   00000000017ffed7 0000000027c94370
0x000000001569f958:   00000000546d5619 0000000100ad8028
0x000000001569f968:   00000000546d5600 00000000144257d8
0x000000001569f978:   00000000185ee0f0 00000000185ee120
0x000000001569f988:   00000000544e1675 0000000000000003
0x000000001569f998:   0000000000000000 00000000144257d8
0x000000001569f9a8:   00000000185ee0f0 00000000185ee0f0
0x000000001569f9b8:   00000000546d5773 00000000185ee120
0x000000001569f9c8:   00000000144253f0 00000000144253f0
0x000000001569f9d8:   00000000000003d8 0000000054aa4b70
0x000000001569f9e8:   00000000185ee0f0 00000000185ee580
0x000000001569f9f8:   00000000185ee584 0000000000000048
0x000000001569fa08:   00007ffb00000001 0000000000000000
0x000000001569fa18:   00000000546bce93 0000000000000000 

Instructions: (pc=0x00000000544e8400)
0x00000000544e83e0:   04 08 c3 cc cc cc cc cc cc cc cc cc cc cc cc cc
0x00000000544e83f0:   80 3d 79 7e 79 00 00 48 63 05 6a f8 77 00 74 1e
0x00000000544e8400:   8b 14 08 85 d2 75 03 33 c0 c3 8b 0d 70 d3 72 00
0x00000000544e8410:   48 8b c2 48 d3 e0 48 03 05 5b d3 72 00 c3 48 8b 


Register to memory mapping:

RAX=0x0000000000000040 is an unknown value
RBX=0x00000000185ee0f0 is pointing into the stack for thread: 0x00000000174cf000
RCX=0x0000000000000000 is an unknown value
RDX=0x0000000035a1c040 is an unknown value
RSP=0x000000001569f928 is an unknown value
RBP=0x0000000014425400 is an unknown value
RSI=0x00000000546d5600 is an unknown value
RDI=0x0000000100ad8028 is pointing into metadata
R8 =0x00000000001cec29 is an unknown value
R9 =0x0000000001000000 is an unknown value
R10=0x0000000000000000 is an unknown value
R11=0x000000001569f928 is an unknown value
R12=0x00000000144257d8 is an unknown value
R13=0x00000000000003d8 is an unknown value
R14=0x0000000014425400 is an unknown value
R15=0x00000000144257d8 is an unknown value


Stack: [0x00000000155a0000,0x00000000156a0000],  sp=0x000000001569f928,  free space=1022k
Native frames: (J=compiled Java code, j=interpreted, Vv=VM code, C=native code)
V  [jvm.dll+0x68400]

VM_Operation (0x00000000185ee120): HeapDumper, mode: safepoint, requested by thread 0x00000000174cf000


---------------  P R O C E S S  ---------------

Java Threads: ( => current thread )
  0x0000000031479800 JavaThread "RMI TCP Connection(5)-127.0.0.1" daemon [_thread_blocked, id=3660, stack(0x0000000026ce0000,0x0000000026de0000)]
  0x000000003147f800 JavaThread "RMI TCP Connection(4)-127.0.0.1" daemon [_thread_in_native, id=7456, stack(0x0000000025cd0000,0x0000000025dd0000)]
  0x000000003147a800 JavaThread "ForkJoinPool-4-worker-2" daemon [_thread_blocked, id=10004, stack(0x000000002f7b0000,0x000000002f8b0000)]
  0x000000003147f000 JavaThread "ForkJoinPool-4-worker-1" daemon [_thread_blocked, id=9712, stack(0x000000002c260000,0x000000002c360000)]
  0x000000003147c800 JavaThread "ForkJoinPool-4-worker-3" daemon [_thread_blocked, id=10168, stack(0x0000000033840000,0x0000000033940000)]
  0x0000000031477800 JavaThread "WorkerExecutor Queue Thread 8" [_thread_blocked, id=7564, stack(0x000000002c5d0000,0x000000002c6d0000)]
  0x00000000246ac800 JavaThread "WorkerExecutor Queue Thread 7" [_thread_blocked, id=9648, stack(0x00000000263d0000,0x00000000264d0000)]
  0x00000000178fa000 JavaThread "RMI Reaper" [_thread_blocked, id=8308, stack(0x0000000028090000,0x0000000028190000)]
  0x00000000178f4800 JavaThread "RMI TCP Accept-0" daemon [_thread_in_native, id=5028, stack(0x0000000027f90000,0x0000000028090000)]
  0x000000001b354000 JavaThread "GC Daemon" daemon [_thread_blocked, id=1028, stack(0x0000000027e90000,0x0000000027f90000)]
  0x000000001b349800 JavaThread "RMI Scheduler(0)" daemon [_thread_blocked, id=9896, stack(0x0000000026be0000,0x0000000026ce0000)]
  0x000000001b34f800 JavaThread "WorkerExecutor Queue Thread 5" [_thread_blocked, id=10468, stack(0x0000000025a80000,0x0000000025b80000)]
  0x000000001b346800 JavaThread "Cache worker for Java compile cache (E:\React\coffeeApp\android\.gradle\6.2\javaCompile)" [_thread_blocked, id=11140, stack(0x00000000260d0000,0x00000000261d0000)]
  0x000000001b34b000 JavaThread "Cache worker for Java compile cache (C:\Users\chami\.gradle\caches\6.2\javaCompile)" [_thread_blocked, id=10592, stack(0x0000000025fd0000,0x00000000260d0000)]
  0x000000001b34d000 JavaThread "WorkerExecutor Queue Thread 2" [_thread_blocked, id=9692, stack(0x0000000025980000,0x0000000025a80000)]
  0x000000001b34c800 JavaThread "Cache worker for execution history cache (E:\React\coffeeApp\android\.gradle\6.2\executionHistory)" [_thread_blocked, id=4316, stack(0x0000000025bd0000,0x0000000025cd0000)]
  0x000000001b348000 JavaThread "Execution worker for ':' Thread 3" [_thread_blocked, id=10580, stack(0x0000000025650000,0x0000000025750000)]
  0x00000000245ff800 JavaThread "Execution worker for ':' Thread 2" [_thread_blocked, id=4244, stack(0x0000000025450000,0x0000000025550000)]
  0x00000000245ff000 JavaThread "Execution worker for ':'" [_thread_blocked, id=10280, stack(0x0000000025250000,0x0000000025350000)]
  0x0000000024600800 JavaThread "Cache worker for file content cache (E:\React\coffeeApp\android\.gradle\6.2\fileContent)" [_thread_blocked, id=5652, stack(0x0000000025150000,0x0000000025250000)]
  0x00000000245fe000 JavaThread "Cache worker for Build Output Cleanup Cache (E:\React\coffeeApp\android\.gradle\buildOutputCleanup)" [_thread_blocked, id=9372, stack(0x0000000022680000,0x0000000022780000)]
  0x00000000245fc800 JavaThread "Build operations Thread 4" [_thread_blocked, id=11008, stack(0x0000000022580000,0x0000000022680000)]
  0x00000000245f5000 JavaThread "Build operations Thread 3" [_thread_blocked, id=7604, stack(0x0000000022080000,0x0000000022180000)]
  0x00000000245fc000 JavaThread "Build operations Thread 2" [_thread_blocked, id=6748, stack(0x000000001f8d0000,0x000000001f9d0000)]
  0x00000000245fb000 JavaThread "Build operations" [_thread_blocked, id=9804, stack(0x000000001f1d0000,0x000000001f2d0000)]
  0x00000000245f3800 JavaThread "Cache worker for cache directory md-rule (C:\Users\chami\.gradle\caches\6.2\md-rule)" [_thread_blocked, id=2240, stack(0x000000001f0d0000,0x000000001f1d0000)]
  0x00000000245f4000 JavaThread "Cache worker for cache directory md-supplier (C:\Users\chami\.gradle\caches\6.2\md-supplier)" [_thread_blocked, id=2064, stack(0x000000001efd0000,0x000000001f0d0000)]
  0x00000000245f9000 JavaThread "Cache worker for file hash cache (E:\React\coffeeApp\android\.gradle\6.2\fileHashes)" [_thread_blocked, id=5920, stack(0x000000001e5e0000,0x000000001e6e0000)]
  0x00000000245f5800 JavaThread "Cache worker for checksums cache (E:\React\coffeeApp\android\.gradle\checksums)" [_thread_blocked, id=9108, stack(0x000000001d500000,0x000000001d600000)]
  0x00000000245f9800 JavaThread "Thread-58" [_thread_blocked, id=3632, stack(0x000000001bbf0000,0x000000001bcf0000)]
  0x00000000245fa800 JavaThread "Stdin handler" [_thread_blocked, id=5720, stack(0x000000001baf0000,0x000000001bbf0000)]
  0x00000000245f2800 JavaThread "Asynchronous log dispatcher for DefaultDaemonConnection: socket connection from /127.0.0.1:60500 to /127.0.0.1:53511" [_thread_blocked, id=844, stack(0x000000001b7f0000,0x000000001b8f0000)]
  0x00000000245f1000 JavaThread "Daemon worker Thread 3" [_thread_blocked, id=708, stack(0x000000001a6c0000,0x000000001a7c0000)]
  0x00000000245f8000 JavaThread "Cancel handler" [_thread_blocked, id=7224, stack(0x0000000018df0000,0x0000000018ef0000)]
  0x00000000245f2000 JavaThread "Handler for socket connection from /127.0.0.1:60500 to /127.0.0.1:53511" [_thread_in_native, id=1384, stack(0x0000000018af0000,0x0000000018bf0000)]
  0x00000000245f7800 JavaThread "Daemon Thread 3" [_thread_blocked, id=2220, stack(0x00000000185f0000,0x00000000186f0000)]
  0x000000001b34e800 JavaThread "AWT-Windows" daemon [_thread_in_native, id=9640, stack(0x0000000025550000,0x0000000025650000)]
  0x000000001b34e000 JavaThread "Java2D Disposer" daemon [_thread_blocked, id=8932, stack(0x0000000025350000,0x0000000025450000)]
  0x000000001b353000 JavaThread "Device List Monitor" [_thread_in_native, id=5060, stack(0x0000000024020000,0x0000000024120000)]
  0x000000001b352800 JavaThread "Monitor" [_thread_in_native, id=8512, stack(0x000000001d400000,0x000000001d500000)]
  0x000000001b347000 JavaThread "Cache worker for file content cache (C:\Users\chami\.gradle\caches\6.2\fileContent)" [_thread_blocked, id=9460, stack(0x0000000020ab0000,0x0000000020bb0000)]
  0x000000001b34b800 JavaThread "Memory manager" [_thread_blocked, id=9688, stack(0x00000000014d0000,0x00000000015d0000)]
  0x00000000178f6000 JavaThread "Cache worker for execution history cache (C:\Users\chami\.gradle\caches\6.2\executionHistory)" [_thread_blocked, id=6912, stack(0x000000001cf00000,0x000000001d000000)]
  0x00000000178f9000 JavaThread "Cache worker for file hash cache (C:\Users\chami\.gradle\caches\6.2\fileHashes)" [_thread_blocked, id=4612, stack(0x00000000192f0000,0x00000000193f0000)]
  0x00000000178f8800 JavaThread "File lock request listener" [_thread_in_native, id=9508, stack(0x00000000191f0000,0x00000000192f0000)]
  0x00000000178f4000 JavaThread "Cache worker for journal cache (C:\Users\chami\.gradle\caches\journal-1)" [_thread_blocked, id=9016, stack(0x00000000190f0000,0x00000000191f0000)]
  0x00000000174cf000 JavaThread "Daemon periodic checks" [_thread_blocked, id=9716, stack(0x00000000184f0000,0x00000000185f0000)]
  0x000000001720e000 JavaThread "Incoming local TCP Connector on port 60500" [_thread_in_native, id=9656, stack(0x00000000182b0000,0x00000000183b0000)]
  0x0000000016057000 JavaThread "Daemon health stats" [_thread_blocked, id=3076, stack(0x0000000017c70000,0x0000000017d70000)]
  0x0000000015ecb000 JavaThread "Service Thread" daemon [_thread_blocked, id=9904, stack(0x00000000162a0000,0x00000000163a0000)]
  0x000000001455e800 JavaThread "C1 CompilerThread2" daemon [_thread_blocked, id=7916, stack(0x0000000015da0000,0x0000000015ea0000)]
  0x0000000014555000 JavaThread "C2 CompilerThread1" daemon [_thread_blocked, id=10392, stack(0x0000000015ca0000,0x0000000015da0000)]
  0x0000000014551800 JavaThread "C2 CompilerThread0" daemon [_thread_blocked, id=10756, stack(0x0000000015ba0000,0x0000000015ca0000)]
  0x000000001454f000 JavaThread "Attach Listener" daemon [_thread_blocked, id=8372, stack(0x0000000015aa0000,0x0000000015ba0000)]
  0x000000001454d800 JavaThread "Signal Dispatcher" daemon [_thread_blocked, id=10416, stack(0x00000000159a0000,0x0000000015aa0000)]
  0x00000000031d8000 JavaThread "Finalizer" daemon [_thread_blocked, id=1820, stack(0x00000000157a0000,0x00000000158a0000)]
  0x00000000031cf000 JavaThread "Reference Handler" daemon [_thread_blocked, id=10664, stack(0x00000000156a0000,0x00000000157a0000)]
  0x00000000030e2800 JavaThread "main" [_thread_blocked, id=5400, stack(0x0000000002fe0000,0x00000000030e0000)]

Other Threads:
=>0x0000000014518000 VMThread [stack: 0x00000000155a0000,0x00000000156a0000] [id=11168]
  0x0000000015f0b000 WatcherThread [stack: 0x00000000163a0000,0x00000000164a0000] [id=10840]

VM state:at safepoint (normal execution)

VM Mutex/Monitor currently owned by a thread:  ([mutex/lock_event])
[0x0000000002eddc30] Threads_lock - owner thread: 0x0000000014518000
[0x00000000030e12d0] Heap_lock - owner thread: 0x00000000174cf000

Heap:
 PSYoungGen      total 113664K, used 58880K [0x00000000f5580000, 0x0000000100000000, 0x0000000100000000)
  eden space 58880K, 100% used [0x00000000f5580000,0x00000000f8f00000,0x00000000f8f00000)
  from space 54784K, 0% used [0x00000000fca80000,0x00000000fca80000,0x0000000100000000)
  to   space 57856K, 0% used [0x00000000f8f00000,0x00000000f8f00000,0x00000000fc780000)
 ParOldGen       total 349696K, used 349691K [0x00000000e0000000, 0x00000000f5580000, 0x00000000f5580000)
  object space 349696K, 99% used [0x00000000e0000000,0x00000000f557eeb8,0x00000000f5580000)
 Metaspace       used 149658K, capacity 158169K, committed 159616K, reserved 1187840K
  class space    used 19278K, capacity 21018K, committed 21376K, reserved 1048576K

Card table byte_map: [0x00000000125a0000,0x00000000126b0000] byte_map_base: 0x0000000011ea0000

Marking Bits: (ParMarkBitMap*) 0x0000000054c8a5b0
 Begin Bits: [0x0000000012ab0000, 0x00000000132b0000)
 End Bits:   [0x00000000132b0000, 0x0000000013ab0000)

Polling page: 0x0000000002e40000

CodeCache: size=245760Kb used=96906Kb max_used=97682Kb free=148853Kb
 bounds [0x00000000031e0000, 0x0000000009220000, 0x00000000121e0000]
 total_blobs=27805 nmethods=26778 adapters=934
 compilation: enabled

Compilation events (10 events):
Event: 2627.325 Thread 0x0000000014551800 36527       4       java.util.concurrent.LinkedBlockingDeque::linkLast (69 bytes)
Event: 2652.170 Thread 0x000000001455e800 36528   !   3       org.gradle.process.internal.health.memory.DefaultMemoryManager$MemoryCheck::run (82 bytes)
Event: 2680.881 Thread 0x0000000014551800 nmethod 36527 0x0000000007e602d0 code [0x0000000007e60440, 0x0000000007e60858]
Event: 2688.541 Thread 0x000000001455e800 nmethod 36528 0x00000000088c0910 code [0x00000000088c0be0, 0x00000000088c2098]
Event: 2689.815 Thread 0x000000001455e800 36529   !   3       org.gradle.process.internal.health.memory.DefaultMemoryManager::requestFreeMemory (105 bytes)
Event: 2703.633 Thread 0x000000001455e800 nmethod 36529 0x0000000004758910 code [0x0000000004758b80, 0x0000000004759c98]
Event: 2703.633 Thread 0x000000001455e800 36530   !   3       org.gradle.process.internal.health.memory.DefaultMemoryManager::doRequestFreeMemory (168 bytes)
Event: 2730.190 Thread 0x000000001455e800 nmethod 36530 0x00000000090fee10 code [0x00000000090ff160, 0x0000000009100e88]
Event: 2788.163 Thread 0x000000001455e800 36531       3       org.gradle.process.internal.health.memory.DefaultJvmMemoryInfo::getJvmSnapshot (16 bytes)
Event: 2799.743 Thread 0x000000001455e800 nmethod 36531 0x0000000004761790 code [0x0000000004761920, 0x0000000004761d08]

GC Heap History (10 events):
Event: 2855.358 GC heap before
{Heap before GC invocations=859 (full 628):
 PSYoungGen      total 113664K, used 58880K [0x00000000f5580000, 0x0000000100000000, 0x0000000100000000)
  eden space 58880K, 100% used [0x00000000f5580000,0x00000000f8f00000,0x00000000f8f00000)
  from space 54784K, 0% used [0x00000000fca80000,0x00000000fca80000,0x0000000100000000)
  to   space 57856K, 0% used [0x00000000f8f00000,0x00000000f8f00000,0x00000000fc780000)
 ParOldGen       total 349696K, used 349694K [0x00000000e0000000, 0x00000000f5580000, 0x00000000f5580000)
  object space 349696K, 99% used [0x00000000e0000000,0x00000000f557fa00,0x00000000f5580000)
 Metaspace       used 149658K, capacity 158169K, committed 159616K, reserved 1187840K
  class space    used 19278K, capacity 21018K, committed 21376K, reserved 1048576K
Event: 2855.990 GC heap after
Heap after GC invocations=859 (full 628):
 PSYoungGen      total 113664K, used 58879K [0x00000000f5580000, 0x0000000100000000, 0x0000000100000000)
  eden space 58880K, 99% used [0x00000000f5580000,0x00000000f8effc90,0x00000000f8f00000)
  from space 54784K, 0% used [0x00000000fca80000,0x00000000fca80000,0x0000000100000000)
  to   space 57856K, 0% used [0x00000000f8f00000,0x00000000f8f00000,0x00000000fc780000)
 ParOldGen       total 349696K, used 349691K [0x00000000e0000000, 0x00000000f5580000, 0x00000000f5580000)
  object space 349696K, 99% used [0x00000000e0000000,0x00000000f557ec78,0x00000000f5580000)
 Metaspace       used 149658K, capacity 158169K, committed 159616K, reserved 1187840K
  class space    used 19278K, capacity 21018K, committed 21376K, reserved 1048576K
}
Event: 2855.991 GC heap before
{Heap before GC invocations=860 (full 629):
 PSYoungGen      total 113664K, used 58880K [0x00000000f5580000, 0x0000000100000000, 0x0000000100000000)
  eden space 58880K, 100% used [0x00000000f5580000,0x00000000f8f00000,0x00000000f8f00000)
  from space 54784K, 0% used [0x00000000fca80000,0x00000000fca80000,0x0000000100000000)
  to   space 57856K, 0% used [0x00000000f8f00000,0x00000000f8f00000,0x00000000fc780000)
 ParOldGen       total 349696K, used 349691K [0x00000000e0000000, 0x00000000f5580000, 0x00000000f5580000)
  object space 349696K, 99% used [0x00000000e0000000,0x00000000f557ec78,0x00000000f5580000)
 Metaspace       used 149658K, capacity 158169K, committed 159616K, reserved 1187840K
  class space    used 19278K, capacity 21018K, committed 21376K, reserved 1048576K
Event: 2856.623 GC heap after
Heap after GC invocations=860 (full 629):
 PSYoungGen      total 113664K, used 58879K [0x00000000f5580000, 0x0000000100000000, 0x0000000100000000)
  eden space 58880K, 99% used [0x00000000f5580000,0x00000000f8effdb8,0x00000000f8f00000)
  from space 54784K, 0% used [0x00000000fca80000,0x00000000fca80000,0x0000000100000000)
  to   space 57856K, 0% used [0x00000000f8f00000,0x00000000f8f00000,0x00000000fc780000)
 ParOldGen       total 349696K, used 349691K [0x00000000e0000000, 0x00000000f5580000, 0x00000000f5580000)
  object space 349696K, 99% used [0x00000000e0000000,0x00000000f557ec10,0x00000000f5580000)
 Metaspace       used 149658K, capacity 158169K, committed 159616K, reserved 1187840K
  class space    used 19278K, capacity 21018K, committed 21376K, reserved 1048576K
}
Event: 2856.624 GC heap before
{Heap before GC invocations=861 (full 630):
 PSYoungGen      total 113664K, used 58880K [0x00000000f5580000, 0x0000000100000000, 0x0000000100000000)
  eden space 58880K, 100% used [0x00000000f5580000,0x00000000f8f00000,0x00000000f8f00000)
  from space 54784K, 0% used [0x00000000fca80000,0x00000000fca80000,0x0000000100000000)
  to   space 57856K, 0% used [0x00000000f8f00000,0x00000000f8f00000,0x00000000fc780000)
 ParOldGen       total 349696K, used 349691K [0x00000000e0000000, 0x00000000f5580000, 0x00000000f5580000)
  object space 349696K, 99% used [0x00000000e0000000,0x00000000f557ec10,0x00000000f5580000)
 Metaspace       used 149658K, capacity 158169K, committed 159616K, reserved 1187840K
  class space    used 19278K, capacity 21018K, committed 21376K, reserved 1048576K
Event: 2857.259 GC heap after
Heap after GC invocations=861 (full 630):
 PSYoungGen      total 113664K, used 58879K [0x00000000f5580000, 0x0000000100000000, 0x0000000100000000)
  eden space 58880K, 99% used [0x00000000f5580000,0x00000000f8effef8,0x00000000f8f00000)
  from space 54784K, 0% used [0x00000000fca80000,0x00000000fca80000,0x0000000100000000)
  to   space 57856K, 0% used [0x00000000f8f00000,0x00000000f8f00000,0x00000000fc780000)
 ParOldGen       total 349696K, used 349691K [0x00000000e0000000, 0x00000000f5580000, 0x00000000f5580000)
  object space 349696K, 99% used [0x00000000e0000000,0x00000000f557ec10,0x00000000f5580000)
 Metaspace       used 149658K, capacity 158169K, committed 159616K, reserved 1187840K
  class space    used 19278K, capacity 21018K, committed 21376K, reserved 1048576K
}
Event: 2857.259 GC heap before
{Heap before GC invocations=862 (full 631):
 PSYoungGen      total 113664K, used 58879K [0x00000000f5580000, 0x0000000100000000, 0x0000000100000000)
  eden space 58880K, 99% used [0x00000000f5580000,0x00000000f8effef8,0x00000000f8f00000)
  from space 54784K, 0% used [0x00000000fca80000,0x00000000fca80000,0x0000000100000000)
  to   space 57856K, 0% used [0x00000000f8f00000,0x00000000f8f00000,0x00000000fc780000)
 ParOldGen       total 349696K, used 349691K [0x00000000e0000000, 0x00000000f5580000, 0x00000000f5580000)
  object space 349696K, 99% used [0x00000000e0000000,0x00000000f557ec10,0x00000000f5580000)
 Metaspace       used 149658K, capacity 158169K, committed 159616K, reserved 1187840K
  class space    used 19278K, capacity 21018K, committed 21376K, reserved 1048576K
Event: 2857.894 GC heap after
Heap after GC invocations=862 (full 631):
 PSYoungGen      total 113664K, used 58879K [0x00000000f5580000, 0x0000000100000000, 0x0000000100000000)
  eden space 58880K, 99% used [0x00000000f5580000,0x00000000f8effef8,0x00000000f8f00000)
  from space 54784K, 0% used [0x00000000fca80000,0x00000000fca80000,0x0000000100000000)
  to   space 57856K, 0% used [0x00000000f8f00000,0x00000000f8f00000,0x00000000fc780000)
 ParOldGen       total 349696K, used 349691K [0x00000000e0000000, 0x00000000f5580000, 0x00000000f5580000)
  object space 349696K, 99% used [0x00000000e0000000,0x00000000f557ec10,0x00000000f5580000)
 Metaspace       used 149658K, capacity 158169K, committed 159616K, reserved 1187840K
  class space    used 19278K, capacity 21018K, committed 21376K, reserved 1048576K
}
Event: 2857.968 GC heap before
{Heap before GC invocations=863 (full 632):
 PSYoungGen      total 113664K, used 58880K [0x00000000f5580000, 0x0000000100000000, 0x0000000100000000)
  eden space 58880K, 100% used [0x00000000f5580000,0x00000000f8f00000,0x00000000f8f00000)
  from space 54784K, 0% used [0x00000000fca80000,0x00000000fca80000,0x0000000100000000)
  to   space 57856K, 0% used [0x00000000f8f00000,0x00000000f8f00000,0x00000000fc780000)
 ParOldGen       total 349696K, used 349695K [0x00000000e0000000, 0x00000000f5580000, 0x00000000f5580000)
  object space 349696K, 99% used [0x00000000e0000000,0x00000000f557ffd0,0x00000000f5580000)
 Metaspace       used 149658K, capacity 158169K, committed 159616K, reserved 1187840K
  class space    used 19278K, capacity 21018K, committed 21376K, reserved 1048576K
Event: 2858.621 GC heap after
Heap after GC invocations=863 (full 632):
 PSYoungGen      total 113664K, used 58879K [0x00000000f5580000, 0x0000000100000000, 0x0000000100000000)
  eden space 58880K, 99% used [0x00000000f5580000,0x00000000f8effee0,0x00000000f8f00000)
  from space 54784K, 0% used [0x00000000fca80000,0x00000000fca80000,0x0000000100000000)
  to   space 57856K, 0% used [0x00000000f8f00000,0x00000000f8f00000,0x00000000fc780000)
 ParOldGen       total 349696K, used 349691K [0x00000000e0000000, 0x00000000f5580000, 0x00000000f5580000)
  object space 349696K, 99% used [0x00000000e0000000,0x00000000f557ed90,0x00000000f5580000)
 Metaspace       used 149658K, capacity 158169K, committed 159616K, reserved 1187840K
  class space    used 19278K, capacity 21018K, committed 21376K, reserved 1048576K
}

Deoptimization events (10 events):
Event: 2454.706 Thread 0x00000000246ac800 Uncommon trap: reason=unstable_if action=reinterpret pc=0x000000000521cecc method=sun.nio.fs.WindowsPath.getFileName()Ljava/nio/file/Path; @ 45
Event: 2457.755 Thread 0x00000000246ac800 Uncommon trap: reason=unstable_if action=reinterpret pc=0x00000000032ef8fc method=java.lang.String.indexOf([CII[CIII)I @ 27
Event: 2457.755 Thread 0x00000000246ac800 Uncommon trap: reason=unstable_if action=reinterpret pc=0x0000000003823c80 method=java.lang.String.indexOf([CII[CIII)I @ 27
Event: 2457.763 Thread 0x000000001b34d000 Uncommon trap: reason=unstable_if action=reinterpret pc=0x0000000008465c24 method=java.net.URI.needsNormalization(Ljava/lang/String;)I @ 62
Event: 2457.768 Thread 0x000000003147f000 Uncommon trap: reason=unstable_if action=reinterpret pc=0x000000000810e7dc method=com.android.tools.r8.graph.DexValue$NestedDexValue.equals(Ljava/lang/Object;)Z @ 2
Event: 2458.534 Thread 0x000000003147f800 Uncommon trap: reason=unstable_if action=reinterpret pc=0x0000000003f0b9f4 method=java.net.SocketInputStream.read([BIII)I @ 86
Event: 2459.322 Thread 0x00000000246ac800 Uncommon trap: reason=unstable_if action=reinterpret pc=0x000000000355fa00 method=java.lang.String.indexOf([CII[CIII)I @ 27
Event: 2539.111 Thread 0x00000000246ac800 Uncommon trap: reason=unstable_if action=reinterpret pc=0x00000000090d8e78 method=com.android.builder.files.RelativeFile.equals(Ljava/lang/Object;)Z @ 39
Event: 2540.545 Thread 0x00000000246ac800 Uncommon trap: reason=class_check action=maybe_recompile pc=0x000000000341e6bc method=com.google.common.collect.ImmutableList.copyOf(Ljava/util/Collection;)Lcom/google/common/collect/ImmutableList; @ 8
Event: 2776.461 Thread 0x000000003147f800 Uncommon trap: reason=class_check action=maybe_recompile pc=0x0000000003c58f6c method=java.lang.ThreadLocal.set(Ljava/lang/Object;)V @ 26

Internal exceptions (10 events):
Event: 2479.313 Thread 0x000000001b348000 Exception <a 'sun/nio/fs/WindowsException'> (0x00000000f8e89800) thrown at [C:\workspace\8-2-build-windows-amd64-cygwin\jdk8u65\4987\hotspot\src\share\vm\prims\jni.cpp, line 709]
Event: 2483.311 Thread 0x000000001b348000 Exception <a 'sun/nio/fs/WindowsException'> (0x00000000f8ec9848) thrown at [C:\workspace\8-2-build-windows-amd64-cygwin\jdk8u65\4987\hotspot\src\share\vm\prims\jni.cpp, line 709]
Event: 2486.074 Thread 0x000000001b348000 Exception <a 'sun/nio/fs/WindowsException'> (0x00000000f8ed16d0) thrown at [C:\workspace\8-2-build-windows-amd64-cygwin\jdk8u65\4987\hotspot\src\share\vm\prims\jni.cpp, line 709]
Event: 2496.001 Thread 0x000000001b348000 Exception <a 'sun/nio/fs/WindowsException'> (0x00000000f8eecfc0) thrown at [C:\workspace\8-2-build-windows-amd64-cygwin\jdk8u65\4987\hotspot\src\share\vm\prims\jni.cpp, line 709]
Event: 2544.767 Thread 0x000000001b348000 Exception <a 'sun/nio/fs/WindowsException'> (0x00000000f8ec4a90) thrown at [C:\workspace\8-2-build-windows-amd64-cygwin\jdk8u65\4987\hotspot\src\share\vm\prims\jni.cpp, line 709]
Event: 2550.330 Thread 0x000000001b348000 Exception <a 'sun/nio/fs/WindowsException'> (0x00000000f8edf6d0) thrown at [C:\workspace\8-2-build-windows-amd64-cygwin\jdk8u65\4987\hotspot\src\share\vm\prims\jni.cpp, line 709]
Event: 2571.833 Thread 0x000000001b348000 Exception <a 'sun/nio/fs/WindowsException'> (0x00000000f8ef8780) thrown at [C:\workspace\8-2-build-windows-amd64-cygwin\jdk8u65\4987\hotspot\src\share\vm\prims\jni.cpp, line 709]
Event: 2573.118 Thread 0x000000001b348000 Exception <a 'sun/nio/fs/WindowsException'> (0x00000000f8efa018) thrown at [C:\workspace\8-2-build-windows-amd64-cygwin\jdk8u65\4987\hotspot\src\share\vm\prims\jni.cpp, line 709]
Event: 2662.377 Thread 0x000000001b348000 Exception <a 'sun/nio/fs/WindowsException'> (0x00000000f8efe848) thrown at [C:\workspace\8-2-build-windows-amd64-cygwin\jdk8u65\4987\hotspot\src\share\vm\prims\jni.cpp, line 709]
Event: 2702.358 Thread 0x000000001b348000 Exception <a 'sun/nio/fs/WindowsException'> (0x00000000f8efdb60) thrown at [C:\workspace\8-2-build-windows-amd64-cygwin\jdk8u65\4987\hotspot\src\share\vm\prims\jni.cpp, line 709]

Events (10 events):
Event: 2855.358 Executing VM operation: ParallelGCFailedAllocation done
Event: 2855.358 Executing VM operation: ParallelGCFailedAllocation
Event: 2855.991 Executing VM operation: ParallelGCFailedAllocation done
Event: 2855.991 Executing VM operation: ParallelGCFailedAllocation
Event: 2856.623 Executing VM operation: ParallelGCFailedAllocation done
Event: 2856.623 Executing VM operation: ParallelGCFailedAllocation
Event: 2857.894 Executing VM operation: ParallelGCFailedAllocation done
Event: 2857.894 Executing VM operation: ParallelGCFailedAllocation
Event: 2858.621 Executing VM operation: ParallelGCFailedAllocation done
Event: 2858.621 Executing VM operation: HeapDumper


Dynamic libraries:
0x00007ff7ec6a0000 - 0x00007ff7ec6d7000 	C:\Program Files\Java\jdk1.8.0_65\bin\java.exe
0x00007ffba6e10000 - 0x00007ffba7005000 	C:\Windows\SYSTEM32\ntdll.dll
0x00007ffba6ab0000 - 0x00007ffba6b6d000 	C:\Windows\System32\KERNEL32.DLL
0x00007ffba4b80000 - 0x00007ffba4e48000 	C:\Windows\System32\KERNELBASE.dll
0x00007ffba6870000 - 0x00007ffba691c000 	C:\Windows\System32\ADVAPI32.dll
0x00007ffba5350000 - 0x00007ffba53ee000 	C:\Windows\System32\msvcrt.dll
0x00007ffba6920000 - 0x00007ffba69bb000 	C:\Windows\System32\sechost.dll
0x00007ffba5cf0000 - 0x00007ffba5e1b000 	C:\Windows\System32\RPCRT4.dll
0x00007ffba5570000 - 0x00007ffba5710000 	C:\Windows\System32\USER32.dll
0x00007ffba4a10000 - 0x00007ffba4a32000 	C:\Windows\System32\win32u.dll
0x00007ffba6a40000 - 0x00007ffba6a6a000 	C:\Windows\System32\GDI32.dll
0x00007ffba4900000 - 0x00007ffba4a0b000 	C:\Windows\System32\gdi32full.dll
0x00007ffba45a0000 - 0x00007ffba463d000 	C:\Windows\System32\msvcp_win.dll
0x00007ffba4800000 - 0x00007ffba4900000 	C:\Windows\System32\ucrtbase.dll
0x00007ffb96950000 - 0x00007ffb96bea000 	C:\Windows\WinSxS\amd64_microsoft.windows.common-controls_6595b64144ccf1df_6.0.19041.1052_none_60b8f8fd71f5e8cb\COMCTL32.dll
0x00007ffba6a80000 - 0x00007ffba6ab0000 	C:\Windows\System32\IMM32.DLL
0x0000000054d10000 - 0x0000000054de2000 	C:\Program Files\Java\jdk1.8.0_65\jre\bin\msvcr100.dll
0x0000000054480000 - 0x0000000054d09000 	C:\Program Files\Java\jdk1.8.0_65\jre\bin\server\jvm.dll
0x00007ffba6cb0000 - 0x00007ffba6cb8000 	C:\Windows\System32\PSAPI.DLL
0x00007ffb9e260000 - 0x00007ffb9e269000 	C:\Windows\SYSTEM32\WSOCK32.dll
0x00007ffb97600000 - 0x00007ffb97627000 	C:\Windows\SYSTEM32\WINMM.dll
0x00007ffb9e5b0000 - 0x00007ffb9e5ba000 	C:\Windows\SYSTEM32\VERSION.dll
0x00007ffba60a0000 - 0x00007ffba610b000 	C:\Windows\System32\WS2_32.dll
0x0000000054470000 - 0x000000005447f000 	C:\Program Files\Java\jdk1.8.0_65\jre\bin\verify.dll
0x0000000054440000 - 0x0000000054469000 	C:\Program Files\Java\jdk1.8.0_65\jre\bin\java.dll
0x0000000054420000 - 0x0000000054436000 	C:\Program Files\Java\jdk1.8.0_65\jre\bin\zip.dll
0x00007ffba6110000 - 0x00007ffba684f000 	C:\Windows\System32\SHELL32.dll
0x00007ffba26a0000 - 0x00007ffba2e30000 	C:\Windows\SYSTEM32\windows.storage.dll
0x00007ffba4f10000 - 0x00007ffba5265000 	C:\Windows\System32\combase.dll
0x00007ffba3fc0000 - 0x00007ffba3fec000 	C:\Windows\SYSTEM32\Wldp.dll
0x00007ffba5710000 - 0x00007ffba57be000 	C:\Windows\System32\SHCORE.dll
0x00007ffba5510000 - 0x00007ffba5565000 	C:\Windows\System32\shlwapi.dll
0x00007ffba4490000 - 0x00007ffba44af000 	C:\Windows\SYSTEM32\profapi.dll
0x0000000054400000 - 0x000000005441a000 	C:\Program Files\Java\jdk1.8.0_65\jre\bin\net.dll
0x00007ffba3d30000 - 0x00007ffba3d9a000 	C:\Windows\system32\mswsock.dll
0x00000000543e0000 - 0x00000000543f1000 	C:\Program Files\Java\jdk1.8.0_65\jre\bin\nio.dll
0x00007ffb85380000 - 0x00007ffb853aa000 	C:\Users\chami\.gradle\native\36\windows-amd64\native-platform.dll
0x00000000543d0000 - 0x00000000543dd000 	C:\Program Files\Java\jdk1.8.0_65\jre\bin\management.dll
0x00007ffba3f00000 - 0x00007ffba3f18000 	C:\Windows\SYSTEM32\CRYPTSP.dll
0x00007ffba3660000 - 0x00007ffba3694000 	C:\Windows\system32\rsaenh.dll
0x00007ffba4e50000 - 0x00007ffba4e77000 	C:\Windows\System32\bcrypt.dll
0x00007ffba4450000 - 0x00007ffba447e000 	C:\Windows\SYSTEM32\USERENV.dll
0x00007ffba4af0000 - 0x00007ffba4b73000 	C:\Windows\System32\bcryptprimitives.dll
0x00007ffba3f20000 - 0x00007ffba3f2c000 	C:\Windows\SYSTEM32\CRYPTBASE.dll
0x00007ffba39d0000 - 0x00007ffba3a0b000 	C:\Windows\SYSTEM32\IPHLPAPI.DLL
0x00007ffba6ca0000 - 0x00007ffba6ca8000 	C:\Windows\System32\NSI.dll
0x00007ffb98460000 - 0x00007ffb98477000 	C:\Windows\SYSTEM32\dhcpcsvc6.DLL
0x00007ffb98440000 - 0x00007ffb9845d000 	C:\Windows\SYSTEM32\dhcpcsvc.DLL
0x00007ffba3a20000 - 0x00007ffba3aec000 	C:\Windows\SYSTEM32\DNSAPI.dll
0x0000000054230000 - 0x00000000543c8000 	C:\Program Files\Java\jdk1.8.0_65\jre\bin\awt.dll
0x00007ffba5fd0000 - 0x00007ffba609d000 	C:\Windows\System32\OLEAUT32.dll
0x00007ffba1e00000 - 0x00007ffba1e90000 	C:\Windows\SYSTEM32\apphelp.dll
0x00007ffba1f60000 - 0x00007ffba1ffe000 	C:\Windows\system32\uxtheme.dll
0x00007ffba53f0000 - 0x00007ffba5505000 	C:\Windows\System32\MSCTF.dll
0x00007ffba6b70000 - 0x00007ffba6c9a000 	C:\Windows\System32\ole32.dll
0x00007ffba24a0000 - 0x00007ffba24b2000 	C:\Windows\SYSTEM32\kernel.appcore.dll
0x00007ffba3290000 - 0x00007ffba32c3000 	C:\Windows\SYSTEM32\ntmarta.dll
0x00007ffb9f450000 - 0x00007ffb9f46e000 	C:\Users\chami\AppData\Local\Temp\native-platform489583310509513114dir\native-platform.dll
0x0000000055910000 - 0x0000000055934000 	C:\Program Files\Java\jdk1.8.0_65\jre\bin\sunec.dll
0x00007ffb963a0000 - 0x00007ffb963aa000 	C:\Windows\System32\rasadhlp.dll
0x00007ffb96870000 - 0x00007ffb968ef000 	C:\Windows\System32\fwpuclnt.dll
0x00007ffb83cc0000 - 0x00007ffb83cd7000 	C:\Windows\system32\napinsp.dll
0x00007ffb83c70000 - 0x00007ffb83c8b000 	C:\Windows\system32\pnrpnsp.dll
0x00007ffb83c50000 - 0x00007ffb83c65000 	C:\Windows\system32\wshbth.dll
0x00007ffb9f410000 - 0x00007ffb9f42d000 	C:\Windows\system32\NLAapi.dll
0x00007ffb83b90000 - 0x00007ffb83ba2000 	C:\Windows\System32\winrnr.dll
0x00007ffb90480000 - 0x00007ffb90664000 	C:\Windows\SYSTEM32\dbghelp.dll

VM Arguments:
jvm_args: -XX:MaxMetaspaceSize=256m -XX:+HeapDumpOnOutOfMemoryError -Xms256m -Xmx512m -Dfile.encoding=windows-1252 -Duser.country=US -Duser.language=en -Duser.variant 
java_command: org.gradle.launcher.daemon.bootstrap.GradleDaemon 6.2
java_class_path (initial): C:\Users\chami\.gradle\wrapper\dists\gradle-6.2-all\dvufqs6kielxeao781pmk5huj\gradle-6.2\lib\gradle-launcher-6.2.jar
Launcher Type: SUN_STANDARD

Environment Variables:
JAVA_HOME=C:\Program Files\Java\jdk1.8.0_65
CLASSPATH=E:\React\coffeeApp\android\\gradle\wrapper\gradle-wrapper.jar
PATH=C:\Users\chami\bin;C:\Program Files\Git\mingw64\bin;C:\Program Files\Git\usr\local\bin;C:\Program Files\Git\usr\bin;C:\Program Files\Git\usr\bin;C:\Program Files\Git\mingw64\bin;C:\Program Files\Git\usr\bin;C:\Users\chami\bin;C:\ProgramData\Oracle\Java\javapath;C:\Windows\system32;C:\Windows;C:\Windows\System32\Wbem;C:\Windows\System32\WindowsPowerShell\v1.0;C:\Windows\System32\OpenSSH;C:\Program Files (x86)\NVIDIA Corporation\PhysX\Common;C:\Program Files\NVIDIA Corporation\NVIDIA NvDLISR;C:\Users\chami\AppData\Local\Android\Sdk\platform-tools;C:\Program Files\Git\cmd;C:\Program Files\nodejs;C:\ProgramData\ComposerSetup\bin;C:\wamp64\bin\php\php7.3.21;C:\Program Files\Java\jdk1.8.0_65;C:\Program Files\Git LFS;C:\Program Files\apache-maven-3.8.1\bin;C:\Program Files\Java\jdk1.8.0_65\bin;E:\flutter\flutter\bin;C:\Users\chami\AppData\Local\Microsoft\WindowsApps;C:\Users\chami\AppData\Local\Programs\Microsoft VS Code\bin;C:\Users\chami\AppData\Local\GitHubDesktop\bin;C:\Users\chami\AppData\Roaming\npm;C:\Users\chami\AppData\Roaming\Composer\vendor\bin;C:\Program Files\Git\usr\bin\vendor_perl;C:\Program Files\Git\usr\bin\core_perl
USERNAME=chami
SHELL=C:\Program Files\Git\usr\bin\bash.exe
DISPLAY=needs-to-be-defined
OS=Windows_NT
PROCESSOR_IDENTIFIER=Intel64 Family 6 Model 78 Stepping 3, GenuineIntel



---------------  S Y S T E M  ---------------

OS: Windows 10.0 , 64 bit Build 19041 (10.0.19041.1023)

CPU:total 4 (2 cores per cpu, 2 threads per core) family 6 model 78 stepping 3, cmov, cx8, fxsr, mmx, sse, sse2, sse3, ssse3, sse4.1, sse4.2, popcnt, avx, avx2, aes, clmul, erms, 3dnowpref, lzcnt, ht, tsc, tscinvbit, bmi1, bmi2, adx

Memory: 4k page, physical 8252092k(2299612k free), swap 16116412k(8928724k free)

vm_info: Java HotSpot(TM) 64-Bit Server VM (25.65-b01) for windows-amd64 JRE (1.8.0_65-b17), built on Oct  6 2015 16:39:20 by "java_re" with MS VC++ 10.0 (VS2010)

time: Thu Jul 01 06:00:27 2021
elapsed time: 2858 seconds (0d 0h 47m 38s)

